09-Jul-2018 14:34:45.710 정보 [main] org.apache.catalina.startup.VersionLoggerListener.log Server version:        Apache Tomcat/8.0.53
09-Jul-2018 14:34:45.710 정보 [main] org.apache.catalina.startup.VersionLoggerListener.log Server built:          Jun 29 2018 14:42:45 UTC
09-Jul-2018 14:34:45.710 정보 [main] org.apache.catalina.startup.VersionLoggerListener.log Server number:         8.0.53.0
09-Jul-2018 14:34:45.710 정보 [main] org.apache.catalina.startup.VersionLoggerListener.log OS Name:               Windows 7
09-Jul-2018 14:34:45.710 정보 [main] org.apache.catalina.startup.VersionLoggerListener.log OS Version:            6.1
09-Jul-2018 14:34:45.710 정보 [main] org.apache.catalina.startup.VersionLoggerListener.log Architecture:          amd64
09-Jul-2018 14:34:45.710 정보 [main] org.apache.catalina.startup.VersionLoggerListener.log Java Home:             C:\Program Files\Java\jdk1.8.0_171\jre
09-Jul-2018 14:34:45.710 정보 [main] org.apache.catalina.startup.VersionLoggerListener.log JVM Version:           1.8.0_171-b11
09-Jul-2018 14:34:45.710 정보 [main] org.apache.catalina.startup.VersionLoggerListener.log JVM Vendor:            Oracle Corporation
09-Jul-2018 14:34:45.710 정보 [main] org.apache.catalina.startup.VersionLoggerListener.log CATALINA_BASE:         C:\Users\1027\JavaWorkspace\workspace\apache-tomcat-8.0.53-windows-x64\apache-tomcat-8.0.53
09-Jul-2018 14:34:45.710 정보 [main] org.apache.catalina.startup.VersionLoggerListener.log CATALINA_HOME:         C:\Users\1027\JavaWorkspace\workspace\apache-tomcat-8.0.53-windows-x64\apache-tomcat-8.0.53
09-Jul-2018 14:34:45.710 정보 [main] org.apache.catalina.startup.VersionLoggerListener.log Command line argument: -Djava.util.logging.config.file=C:\Users\1027\JavaWorkspace\workspace\apache-tomcat-8.0.53-windows-x64\apache-tomcat-8.0.53\conf\logging.properties
09-Jul-2018 14:34:45.710 정보 [main] org.apache.catalina.startup.VersionLoggerListener.log Command line argument: -Djava.util.logging.manager=org.apache.juli.ClassLoaderLogManager
09-Jul-2018 14:34:45.725 정보 [main] org.apache.catalina.startup.VersionLoggerListener.log Command line argument: -Djdk.tls.ephemeralDHKeySize=2048
09-Jul-2018 14:34:45.725 정보 [main] org.apache.catalina.startup.VersionLoggerListener.log Command line argument: -Djava.protocol.handler.pkgs=org.apache.catalina.webresources
09-Jul-2018 14:34:45.725 정보 [main] org.apache.catalina.startup.VersionLoggerListener.log Command line argument: -Dignore.endorsed.dirs=
09-Jul-2018 14:34:45.725 정보 [main] org.apache.catalina.startup.VersionLoggerListener.log Command line argument: -Dcatalina.base=C:\Users\1027\JavaWorkspace\workspace\apache-tomcat-8.0.53-windows-x64\apache-tomcat-8.0.53
09-Jul-2018 14:34:45.725 정보 [main] org.apache.catalina.startup.VersionLoggerListener.log Command line argument: -Dcatalina.home=C:\Users\1027\JavaWorkspace\workspace\apache-tomcat-8.0.53-windows-x64\apache-tomcat-8.0.53
09-Jul-2018 14:34:45.725 정보 [main] org.apache.catalina.startup.VersionLoggerListener.log Command line argument: -Djava.io.tmpdir=C:\Users\1027\JavaWorkspace\workspace\apache-tomcat-8.0.53-windows-x64\apache-tomcat-8.0.53\temp
09-Jul-2018 14:34:45.725 정보 [main] org.apache.catalina.core.AprLifecycleListener.lifecycleEvent Loaded APR based Apache Tomcat Native library 1.2.17 using APR version 1.6.3.
09-Jul-2018 14:34:45.725 정보 [main] org.apache.catalina.core.AprLifecycleListener.lifecycleEvent APR capabilities: IPv6 [true], sendfile [true], accept filters [false], random [true].
09-Jul-2018 14:34:46.225 정보 [main] org.apache.catalina.core.AprLifecycleListener.initializeSSL OpenSSL successfully initialized (OpenSSL 1.0.2o  27 Mar 2018)
09-Jul-2018 14:34:46.318 정보 [main] org.apache.coyote.AbstractProtocol.init Initializing ProtocolHandler ["http-apr-8080"]
09-Jul-2018 14:34:46.334 심각 [main] org.apache.coyote.AbstractProtocol.init Failed to initialize end point associated with ProtocolHandler ["http-apr-8080"]
 java.lang.Exception: Socket bind failed: [730013] ¾?¼½º ±???¡ ???Ø ¼?°??ø ¼???¡ ¾
	at org.apache.tomcat.util.net.AprEndpoint.bind(AprEndpoint.java:471)
	at org.apache.tomcat.util.net.AbstractEndpoint.init(AbstractEndpoint.java:823)
	at org.apache.coyote.AbstractProtocol.init(AbstractProtocol.java:476)
	at org.apache.catalina.connector.Connector.initInternal(Connector.java:960)
	at org.apache.catalina.util.LifecycleBase.init(LifecycleBase.java:102)
	at org.apache.catalina.core.StandardService.initInternal(StandardService.java:568)
	at org.apache.catalina.util.LifecycleBase.init(LifecycleBase.java:102)
	at org.apache.catalina.core.StandardServer.initInternal(StandardServer.java:871)
	at org.apache.catalina.util.LifecycleBase.init(LifecycleBase.java:102)
	at org.apache.catalina.startup.Catalina.load(Catalina.java:592)
	at org.apache.catalina.startup.Catalina.load(Catalina.java:615)
	at sun.reflect.NativeMethodAccessorImpl.invoke0(Native Method)
	at sun.reflect.NativeMethodAccessorImpl.invoke(NativeMethodAccessorImpl.java:62)
	at sun.reflect.DelegatingMethodAccessorImpl.invoke(DelegatingMethodAccessorImpl.java:43)
	at java.lang.reflect.Method.invoke(Method.java:498)
	at org.apache.catalina.startup.Bootstrap.load(Bootstrap.java:308)
	at org.apache.catalina.startup.Bootstrap.main(Bootstrap.java:482)

09-Jul-2018 14:34:46.334 심각 [main] org.apache.catalina.core.StandardService.initInternal Failed to initialize connector [Connector[HTTP/1.1-8080]]
 org.apache.catalina.LifecycleException: Failed to initialize component [Connector[HTTP/1.1-8080]]
	at org.apache.catalina.util.LifecycleBase.init(LifecycleBase.java:107)
	at org.apache.catalina.core.StandardService.initInternal(StandardService.java:568)
	at org.apache.catalina.util.LifecycleBase.init(LifecycleBase.java:102)
	at org.apache.catalina.core.StandardServer.initInternal(StandardServer.java:871)
	at org.apache.catalina.util.LifecycleBase.init(LifecycleBase.java:102)
	at org.apache.catalina.startup.Catalina.load(Catalina.java:592)
	at org.apache.catalina.startup.Catalina.load(Catalina.java:615)
	at sun.reflect.NativeMethodAccessorImpl.invoke0(Native Method)
	at sun.reflect.NativeMethodAccessorImpl.invoke(NativeMethodAccessorImpl.java:62)
	at sun.reflect.DelegatingMethodAccessorImpl.invoke(DelegatingMethodAccessorImpl.java:43)
	at java.lang.reflect.Method.invoke(Method.java:498)
	at org.apache.catalina.startup.Bootstrap.load(Bootstrap.java:308)
	at org.apache.catalina.startup.Bootstrap.main(Bootstrap.java:482)
Caused by: org.apache.catalina.LifecycleException: Protocol handler initialization failed
	at org.apache.catalina.connector.Connector.initInternal(Connector.java:962)
	at org.apache.catalina.util.LifecycleBase.init(LifecycleBase.java:102)
	... 12 more
Caused by: java.lang.Exception: Socket bind failed: [730013] ¾?¼½º ±???¡ ???Ø ¼?°??ø ¼???¡ ¾
	at org.apache.tomcat.util.net.AprEndpoint.bind(AprEndpoint.java:471)
	at org.apache.tomcat.util.net.AbstractEndpoint.init(AbstractEndpoint.java:823)
	at org.apache.coyote.AbstractProtocol.init(AbstractProtocol.java:476)
	at org.apache.catalina.connector.Connector.initInternal(Connector.java:960)
	... 13 more

09-Jul-2018 14:34:46.334 정보 [main] org.apache.coyote.AbstractProtocol.init Initializing ProtocolHandler ["ajp-apr-8009"]
09-Jul-2018 14:34:46.349 정보 [main] org.apache.catalina.startup.Catalina.load Initialization processed in 898 ms
09-Jul-2018 14:34:46.365 정보 [main] org.apache.catalina.core.StandardService.startInternal Starting service Catalina
09-Jul-2018 14:34:46.365 정보 [main] org.apache.catalina.core.StandardEngine.startInternal Starting Servlet Engine: Apache Tomcat/8.0.53
09-Jul-2018 14:34:46.381 정보 [localhost-startStop-1] org.apache.catalina.startup.HostConfig.deployDirectory Deploying web application directory C:\Users\1027\JavaWorkspace\workspace\apache-tomcat-8.0.53-windows-x64\apache-tomcat-8.0.53\webapps\docs
09-Jul-2018 14:34:46.657 정보 [localhost-startStop-1] org.apache.catalina.startup.HostConfig.deployDirectory Deployment of web application directory C:\Users\1027\JavaWorkspace\workspace\apache-tomcat-8.0.53-windows-x64\apache-tomcat-8.0.53\webapps\docs has finished in 276 ms
09-Jul-2018 14:34:46.657 정보 [localhost-startStop-1] org.apache.catalina.startup.HostConfig.deployDirectory Deploying web application directory C:\Users\1027\JavaWorkspace\workspace\apache-tomcat-8.0.53-windows-x64\apache-tomcat-8.0.53\webapps\examples
09-Jul-2018 14:34:46.844 정보 [localhost-startStop-1] org.apache.catalina.startup.HostConfig.deployDirectory Deployment of web application directory C:\Users\1027\JavaWorkspace\workspace\apache-tomcat-8.0.53-windows-x64\apache-tomcat-8.0.53\webapps\examples has finished in 187 ms
09-Jul-2018 14:34:46.844 정보 [localhost-startStop-1] org.apache.catalina.startup.HostConfig.deployDirectory Deploying web application directory C:\Users\1027\JavaWorkspace\workspace\apache-tomcat-8.0.53-windows-x64\apache-tomcat-8.0.53\webapps\host-manager
09-Jul-2018 14:34:46.875 정보 [localhost-startStop-1] org.apache.catalina.startup.HostConfig.deployDirectory Deployment of web application directory C:\Users\1027\JavaWorkspace\workspace\apache-tomcat-8.0.53-windows-x64\apache-tomcat-8.0.53\webapps\host-manager has finished in 31 ms
09-Jul-2018 14:34:46.875 정보 [localhost-startStop-1] org.apache.catalina.startup.HostConfig.deployDirectory Deploying web application directory C:\Users\1027\JavaWorkspace\workspace\apache-tomcat-8.0.53-windows-x64\apache-tomcat-8.0.53\webapps\manager
09-Jul-2018 14:34:46.891 정보 [localhost-startStop-1] org.apache.catalina.startup.HostConfig.deployDirectory Deployment of web application directory C:\Users\1027\JavaWorkspace\workspace\apache-tomcat-8.0.53-windows-x64\apache-tomcat-8.0.53\webapps\manager has finished in 16 ms
09-Jul-2018 14:34:46.891 정보 [localhost-startStop-1] org.apache.catalina.startup.HostConfig.deployDirectory Deploying web application directory C:\Users\1027\JavaWorkspace\workspace\apache-tomcat-8.0.53-windows-x64\apache-tomcat-8.0.53\webapps\ROOT
09-Jul-2018 14:34:46.906 정보 [localhost-startStop-1] org.apache.catalina.startup.HostConfig.deployDirectory Deployment of web application directory C:\Users\1027\JavaWorkspace\workspace\apache-tomcat-8.0.53-windows-x64\apache-tomcat-8.0.53\webapps\ROOT has finished in 15 ms
09-Jul-2018 14:34:46.906 정보 [main] org.apache.coyote.AbstractProtocol.start Starting ProtocolHandler ["ajp-apr-8009"]
09-Jul-2018 14:34:46.906 정보 [main] org.apache.catalina.startup.Catalina.start Server startup in 568 ms
